JUnit version 4.13.2
..E
Time: 0.019
There was 1 failure:
1) testAlwaysFail(TestListExamples)
java.lang.AssertionError
	at org.junit.Assert.fail(Assert.java:87)
	at org.junit.Assert.assertTrue(Assert.java:42)
	at org.junit.Assert.assertFalse(Assert.java:65)
	at org.junit.Assert.assertFalse(Assert.java:75)
	at TestListExamples.testAlwaysFail(TestListExamples.java:24)

FAILURES!!!
Tests run: 2,  Failures: 1

